0 info it worked if it ends with ok
1 verbose cli [ '/Users/dave/.nvm/versions/node/v4.7.1/bin/node',
1 verbose cli   '/Users/dave/.nvm/versions/node/v4.7.1/bin/npm',
1 verbose cli   'run',
1 verbose cli   'hot-assets' ]
2 info using npm@2.15.11
3 info using node@v4.7.1
4 verbose run-script [ 'prehot-assets', 'hot-assets', 'posthot-assets' ]
5 info prehot-assets coderwall@
6 info hot-assets coderwall@
7 verbose unsafe-perm in lifecycle true
8 info coderwall@ Failed to exec hot-assets script
9 verbose stack Error: coderwall@ hot-assets: `(cd client && npm run hot-assets)`
9 verbose stack Exit status 1
9 verbose stack     at EventEmitter.<anonymous> (/Users/dave/.nvm/versions/node/v4.7.1/lib/node_modules/npm/lib/utils/lifecycle.js:217:16)
9 verbose stack     at emitTwo (events.js:87:13)
9 verbose stack     at EventEmitter.emit (events.js:172:7)
9 verbose stack     at ChildProcess.<anonymous> (/Users/dave/.nvm/versions/node/v4.7.1/lib/node_modules/npm/lib/utils/spawn.js:24:14)
9 verbose stack     at emitTwo (events.js:87:13)
9 verbose stack     at ChildProcess.emit (events.js:172:7)
9 verbose stack     at maybeClose (internal/child_process.js:854:16)
9 verbose stack     at Process.ChildProcess._handle.onexit (internal/child_process.js:222:5)
10 verbose pkgid coderwall@
11 verbose cwd /Users/dave/code/coderwall-next
12 error Darwin 16.3.0
13 error argv "/Users/dave/.nvm/versions/node/v4.7.1/bin/node" "/Users/dave/.nvm/versions/node/v4.7.1/bin/npm" "run" "hot-assets"
14 error node v4.7.1
15 error npm  v2.15.11
16 error code ELIFECYCLE
17 error coderwall@ hot-assets: `(cd client && npm run hot-assets)`
17 error Exit status 1
18 error Failed at the coderwall@ hot-assets script '(cd client && npm run hot-assets)'.
18 error This is most likely a problem with the coderwall package,
18 error not with npm itself.
18 error Tell the author that this fails on your system:
18 error     (cd client && npm run hot-assets)
18 error You can get information on how to open an issue for this project with:
18 error     npm bugs coderwall
18 error Or if that isn't available, you can get their info via:
18 error
18 error     npm owner ls coderwall
18 error There is likely additional logging output above.
19 verbose exit [ 1, true ]
